<?xml version="1.0" encoding="UTF-8" ?>
<testsuite tests="10" failures="1" name="runners.RunnerTest" time="92.813" errors="0" skipped="0">
  <properties>
    <property name="idea.version" value="2022.3.2"/>
    <property name="java.runtime.name" value="Java(TM) SE Runtime Environment"/>
    <property name="java.vm.version" value="17+35-LTS-2724"/>
    <property name="sun.boot.library.path" value="C:\Program Files\Java\jdk-17\bin"/>
    <property name="maven.multiModuleProjectDirectory" value="C:\ST\AnsymoBDD2"/>
    <property name="java.vm.vendor" value="Oracle Corporation"/>
    <property name="java.vendor.url" value="https://java.oracle.com/"/>
    <property name="guice.disable.misplaced.annotation.check" value="true"/>
    <property name="path.separator" value=";"/>
    <property name="java.vm.name" value="Java HotSpot(TM) 64-Bit Server VM"/>
    <property name="sun.os.patch.level" value=""/>
    <property name="user.script" value=""/>
    <property name="user.country" value="BE"/>
    <property name="sun.java.launcher" value="SUN_STANDARD"/>
    <property name="java.vm.specification.name" value="Java Virtual Machine Specification"/>
    <property name="user.dir" value="C:\ST\AnsymoBDD2"/>
    <property name="java.vm.compressedOopsMode" value="32-bit"/>
    <property name="java.runtime.version" value="17+35-LTS-2724"/>
    <property name="os.arch" value="amd64"/>
    <property name="java.io.tmpdir" value="C:\Users\lunag\AppData\Local\Temp\"/>
    <property name="line.separator" value="
"/>
    <property name="java.vm.specification.vendor" value="Oracle Corporation"/>
    <property name="user.variant" value=""/>
    <property name="os.name" value="Windows 10"/>
    <property name="maven.ext.class.path" value="C:\Program Files\JetBrains\IntelliJ IDEA 2022.3.2\plugins\maven\lib\maven-event-listener.jar"/>
    <property name="classworlds.conf" value="C:\Program Files\JetBrains\IntelliJ IDEA 2022.3.2\plugins\maven\lib\maven3\bin\m2.conf"/>
    <property name="sun.jnu.encoding" value="Cp1252"/>
    <property name="java.library.path" value="C:\Program Files\Java\jdk-17\bin;C:\WINDOWS\Sun\Java\bin;C:\WINDOWS\system32;C:\WINDOWS;C:\Tools\apache-maven-3.9.1\bin;C:\Program Files\Java\jdk-17\bin;C:\Program Files\Common Files\Oracle\Java\javapath;C:\Tools\Python\Python311\Scripts\;C:\Tools\Python\Python311\;C:\WINDOWS\system32;C:\WINDOWS;C:\WINDOWS\System32\Wbem;C:\WINDOWS\System32\WindowsPowerShell\v1.0\;C:\WINDOWS\System32\OpenSSH\;C:\Program Files\Microsoft SQL Server\110\Tools\Binn\;C:\Program\bin;C:\Program Files\Git\cmd;c:\WINDOWS\System32\WBem;C:\Program Files\Python39\Scripts\;C:\Program Files\Python39\;C:\ST\AnsymoBDD\drivers\;C:\ST\AnsymoBDD2\drivers;C:\Users\lunag\AppData\Local\Microsoft\WindowsApps;C:\Users\lunag\AppData\Local\Programs\Microsoft VS Code\bin;C:\Users\lunag\AppData\Local\Pandoc\;;."/>
    <property name="jansi.passthrough" value="true"/>
    <property name="maven.conf" value="C:\Program Files\JetBrains\IntelliJ IDEA 2022.3.2\plugins\maven\lib\maven3/conf"/>
    <property name="jdk.debug" value="release"/>
    <property name="java.class.version" value="61.0"/>
    <property name="java.specification.name" value="Java Platform API Specification"/>
    <property name="sun.management.compiler" value="HotSpot 64-Bit Tiered Compilers"/>
    <property name="os.version" value="10.0"/>
    <property name="user.home" value="C:\Users\lunag"/>
    <property name="user.timezone" value="Europe/Brussels"/>
    <property name="file.encoding" value="UTF-8"/>
    <property name="java.specification.version" value="17"/>
    <property name="user.name" value="lunag"/>
    <property name="java.class.path" value="C:\Program Files\JetBrains\IntelliJ IDEA 2022.3.2\plugins\maven\lib\maven3\boot\plexus-classworlds-2.6.0.jar;C:\Program Files\JetBrains\IntelliJ IDEA 2022.3.2\plugins\maven\lib\maven3\boot\plexus-classworlds.license"/>
    <property name="java.vm.specification.version" value="17"/>
    <property name="sun.arch.data.model" value="64"/>
    <property name="sun.java.command" value="org.codehaus.classworlds.Launcher -Didea.version=2022.3.2 install"/>
    <property name="java.home" value="C:\Program Files\Java\jdk-17"/>
    <property name="user.language" value="nl"/>
    <property name="java.specification.vendor" value="Oracle Corporation"/>
    <property name="java.vm.info" value="mixed mode, sharing"/>
    <property name="java.version" value="17"/>
    <property name="native.encoding" value="Cp1252"/>
    <property name="java.vendor" value="Oracle Corporation"/>
    <property name="maven.home" value="C:\Program Files\JetBrains\IntelliJ IDEA 2022.3.2\plugins\maven\lib\maven3"/>
    <property name="file.separator" value="\"/>
    <property name="java.version.date" value="2021-09-14"/>
    <property name="java.vendor.url.bug" value="https://bugreport.java.com/bugreport/"/>
    <property name="sun.io.unicode.encoding" value="UnicodeLittle"/>
    <property name="sun.cpu.endian" value="little"/>
    <property name="sun.cpu.isalist" value="amd64"/>
  </properties>
  <testcase classname="Verify the Ansymo Web application" name="Verify all courses from homepages (names and professors)" time="21.556">
    <failure message="Course Master thesis does not have a professor." type="java.lang.AssertionError">java.lang.AssertionError: Course Master thesis does not have a professor.
	at org.junit.Assert.fail(Assert.java:89)
	at org.junit.Assert.assertTrue(Assert.java:42)
	at org.junit.Assert.assertFalse(Assert.java:65)
	at pageObjects.CoursesPage.selectEachCourseAndVerifyDetails(CoursesPage.java:111)
	at stepdefinitions.BrowseCoursesSteps.verifyCourseAndProfessorNames(BrowseCoursesSteps.java:113)
	at ✽.for each course, there should be a page that is loaded and there should be a professor(file:///C:/ST/AnsymoBDD2/src/test/resources/features/BrowseCourses.feature:12)
</failure>
    <system-out>When using an old version of firefox, specify path to geckodriver in Configuration file.
This means there is a need for an additional geckodriver (such as installed in for windows 64 in the drivers directory). 
Adjust the code in WebDriverManager.java as follows:
add line: System.set.Property(webdriver.chrome.driver, FileReaderManager.getInstance().getConfigReader.getDriverPath()) before initializing new driver

@CompleteTest @Exercise5
Scenario Outline: Verify all courses from homepages (names and professors)                   # src/test/resources/features/BrowseCourses.feature:15
  Given the user is on the Ansymo homepage                                                   # stepdefinitions.BrowseCoursesSteps.navigateToHomepage()
  When the user clicks the &quot;Courses&quot; link in the menu section                                # stepdefinitions.BrowseCoursesSteps.clickCoursesLink(java.lang.String)
  Then the user should see a page with all the courses listed                                # stepdefinitions.BrowseCoursesSteps.verifyCoursesPage()
For the course Master thesis:
The professor(s) teaching this course is (are) : None
  And for each course, there should be a page that is loaded and there should be a professor # stepdefinitions.BrowseCoursesSteps.verifyCourseAndProfessorNames()
      java.lang.AssertionError: Course Master thesis does not have a professor.
	at org.junit.Assert.fail(Assert.java:89)
	at org.junit.Assert.assertTrue(Assert.java:42)
	at org.junit.Assert.assertFalse(Assert.java:65)
	at pageObjects.CoursesPage.selectEachCourseAndVerifyDetails(CoursesPage.java:111)
	at stepdefinitions.BrowseCoursesSteps.verifyCourseAndProfessorNames(BrowseCoursesSteps.java:113)
	at ✽.for each course, there should be a page that is loaded and there should be a professor(file:///C:/ST/AnsymoBDD2/src/test/resources/features/BrowseCourses.feature:12)

</system-out>
  </testcase>
  <testcase classname="Verify the Ansymo Web application" name="Verify Assignment Links in Software Testing Course" time="8.902"/>
  <testcase classname="Verify the Ansymo Web application" name="Verify Student Groups in Software Testing Course #1" time="7.139"/>
  <testcase classname="Verify the Ansymo Web application" name="Verify Student Groups in Software Testing Course #2" time="7.769"/>
  <testcase classname="Verify the Ansymo Web application" name="Verify Student Groups in Software Testing Course #3" time="7.03"/>
  <testcase classname="Verify the Ansymo Web application" name="Verify Student Groups in Software Testing Course #4" time="8.894"/>
  <testcase classname="Verify the Ansymo Web application" name="Verify Mandatory Presence of a student in Software Testing Course #1" time="8.47"/>
  <testcase classname="Verify the Ansymo Web application" name="Verify Mandatory Presence of a student in Software Testing Course #2" time="8.182"/>
  <testcase classname="Verify the Ansymo Web application" name="Verify Mandatory Presence of a student in Software Testing Course #3" time="7.018"/>
  <testcase classname="Verify the Ansymo Web application" name="Verify Mandatory Presence of a student in Software Testing Course #4" time="7.853"/>
</testsuite>